
==================================
2025-10-30 11:50:04: script monitoring started...
2025-10-30 11:50:04: checking errors in log file...
2025-10-30 11:50:04: 1 ERROR(s)/Failure(s) found in the preprocess.log file
check details below...

==================================
2025-10-30 11:54:34: script monitoring started...
2025-10-30 11:54:34: checking errors in log file...
2025-10-30 11:54:34: 1 ERROR(s)/Failure(s) found in the preprocess.log file
check details below...

==================================

==================================
2025-10-30 12:00:13: script monitoring started...
2025-10-30 12:00:13: checking errors in log file...
2025-10-30 12:00:13: 1 ERROR(s)/Failure(s) found in the preprocess.log file
check details below...

==================================

==================================
2025-10-30 12:01:02: script monitoring started...
2025-10-30 12:01:02: checking errors in log file...
2025-10-30 12:01:02: 1 ERROR(s)/Failure(s) found in the preprocess.log file
check details below...

==================================

==================================
2025-10-30 12:02:16: script monitoring started...
2025-10-30 12:02:16: checking errors in log file...
2025-10-30 12:02:16: 1 ERROR(s)/Failure(s) found in the preprocess.log file
check details below...

==================================

==================================
2025-10-30 12:05:00: script monitoring started...

==================================
2025-10-30 12:11:24: script monitoring started...
2025-10-30 12:11:24: checking errors in log file...
2025-10-30 12:11:24: 1 ERROR(s)/Failure(s) found in the preprocess.log file
check details below...

==================================

==================================
2025-10-30 12:12:49: script monitoring started...
2025-10-30 12:12:49: No error or failure found
==================================

==================================
2025-10-30 12:13:25: script monitoring started...
2025-10-30 12:13:25: No error or failure found
==================================
